[debug] [2025-12-23T15:23:38.095Z] ----------------------------------------------------------------------
[debug] [2025-12-23T15:23:38.098Z] Command:       C:\Program Files\nodejs\node.exe C:\Users\paulm\AppData\Roaming\npm\node_modules\firebase-tools\lib\bin\firebase.js init hosting
[debug] [2025-12-23T15:23:38.098Z] CLI Version:   15.1.0
[debug] [2025-12-23T15:23:38.099Z] Platform:      win32
[debug] [2025-12-23T15:23:38.099Z] Node Version:  v20.17.0
[debug] [2025-12-23T15:23:38.099Z] Time:          Tue Dec 23 2025 16:23:38 GMT+0100 (heure normale d’Europe centrale)
[debug] [2025-12-23T15:23:38.099Z] ----------------------------------------------------------------------
[debug] 
[info] 
     ######## #### ########  ######## ########     ###     ######  ########
     ##        ##  ##     ## ##       ##     ##  ##   ##  ##       ##
     ######    ##  ########  ######   ########  #########  ######  ######
     ##        ##  ##    ##  ##       ##     ## ##     ##       ## ##
     ##       #### ##     ## ######## ########  ##     ##  ######  ########

You're about to initialize a Firebase project in this directory:

  C:\Users\paulm\Desktop\Better-Gestion\better-gestion

[info] 
=== Project Setup
[info] 
[info] First, let's associate this project directory with a Firebase project.
[info] You can create multiple project aliases by running firebase use --add, 
[info] 
[debug] [2025-12-23T15:24:21.115Z] > command requires scopes: ["email","openid","https://www.googleapis.com/auth/cloudplatformprojects.readonly","https://www.googleapis.com/auth/firebase","https://www.googleapis.com/auth/cloud-platform"]
[debug] [2025-12-23T15:24:21.116Z] > authorizing via signed-in user (paulmory39@gmail.com)
[debug] [2025-12-23T15:24:21.120Z] Checked if tokens are valid: true, expires at: 1766507002937
[debug] [2025-12-23T15:24:21.120Z] Checked if tokens are valid: true, expires at: 1766507002937
[debug] [2025-12-23T15:24:21.135Z] >>> [apiv2][query] GET https://firebase.googleapis.com/v1beta1/projects pageSize=100
[debug] [2025-12-23T15:24:21.919Z] <<< [apiv2][status] GET https://firebase.googleapis.com/v1beta1/projects 200
[debug] [2025-12-23T15:24:21.920Z] <<< [apiv2][body] GET https://firebase.googleapis.com/v1beta1/projects [omitted]
[info] 
=== Hosting Setup
[debug] [2025-12-23T15:24:24.391Z] Checked if tokens are valid: true, expires at: 1766507002937
[debug] [2025-12-23T15:24:24.391Z] Checked if tokens are valid: true, expires at: 1766507002937
[debug] [2025-12-23T15:24:24.391Z] >>> [apiv2][query] GET https://firebase.googleapis.com/v1beta1/projects/better-gestion [none]
[debug] [2025-12-23T15:24:24.676Z] <<< [apiv2][status] GET https://firebase.googleapis.com/v1beta1/projects/better-gestion 200
[debug] [2025-12-23T15:24:24.677Z] <<< [apiv2][body] GET https://firebase.googleapis.com/v1beta1/projects/better-gestion {"projectId":"better-gestion","projectNumber":"464769575460","displayName":"Better Gestion","name":"projects/better-gestion","resources":{"hostingSite":"better-gestion"},"state":"ACTIVE","etag":"1_667a22e3-1aff-4232-8335-9013c9f498c5"}
[info] 
[info] Your public directory is the folder (relative to your project directory) that
[info] will contain Hosting assets to be uploaded with firebase deploy. If you
[info] have a build process for your assets, use your build's output directory.
[info] 
[info] 
[info] i  Didn't detect a .git folder. Assuming C:\Users\paulm\Desktop\Better-Gestion\better-gestion is the project root. 
[info] i  Authorizing with GitHub to upload your service account to a GitHub repository's secrets store. 
[info] 
[info] Visit this URL on this device to log in:
[info] https://github.com/login/oauth/authorize?client_id=89cf50f02ac6aaed3484&state=357772642&redirect_uri=http%3A%2F%2Flocalhost%3A9005&scope=read%3Auser%20repo%20public_repo
[info] 
[info] Waiting for authentication...
